<?xml version="1.0" encoding="UTF-8"?>
<testsuite name="FacadeTest" tests="1" skipped="0" failures="0" errors="0" timestamp="2025-03-24T22:37:04" hostname="CyberOps" time="0.021">
  <properties/>
  <testcase name="testFacade()" classname="FacadeTest" time="0.021"/>
  <system-out><![CDATA[]]></system-out>
  <system-err><![CDATA[]]></system-err>
</testsuite>
