<?xml version="1.0" encoding="UTF-8"?>
<testsuite name="com.seuprojeto.VeiculoTest" tests="1" skipped="0" failures="0" errors="0" timestamp="2025-03-24T22:37:04" hostname="CyberOps" time="0.003">
  <properties/>
  <testcase name="testVeiculo()" classname="com.seuprojeto.VeiculoTest" time="0.003"/>
  <system-out><![CDATA[]]></system-out>
  <system-err><![CDATA[]]></system-err>
</testsuite>
