<?xml version="1.0" encoding="UTF-8"?>
<testsuite name="com.seuprojeto.CalculadoraTest" tests="2" skipped="0" failures="0" errors="0" timestamp="2025-03-24T22:37:04" hostname="CyberOps" time="0.007">
  <properties/>
  <testcase name="testSomar()" classname="com.seuprojeto.CalculadoraTest" time="0.002"/>
  <testcase name="testDividir()" classname="com.seuprojeto.CalculadoraTest" time="0.004"/>
  <system-out><![CDATA[]]></system-out>
  <system-err><![CDATA[]]></system-err>
</testsuite>
